<?xml version="1.0" encoding="UTF-8"?>
<testng-results skipped="0" failed="0" total="5" passed="5">
  <reporter-output>
  </reporter-output>
  <suite name="Default suite" duration-ms="14431" started-at="2018-02-22T13:57:01Z" finished-at="2018-02-22T13:57:16Z">
    <groups>
    </groups>
    <test name="Default test" duration-ms="14431" started-at="2018-02-22T13:57:01Z" finished-at="2018-02-22T13:57:16Z">
      <class name="testCase.basicflow2">
        <test-method status="PASS" signature="start()[pri:0, instance:testCase.basicflow2@5e3a8624]" name="start" is-config="true" duration-ms="4325" started-at="2018-02-22T19:27:01Z" finished-at="2018-02-22T19:27:05Z">
          <reporter-output>
          </reporter-output>
        </test-method> <!-- start -->
        <test-method status="PASS" signature="homepage()[pri:0, instance:testCase.basicflow2@5e3a8624]" name="homepage" duration-ms="82" started-at="2018-02-22T19:27:05Z" finished-at="2018-02-22T19:27:06Z">
          <reporter-output>
          </reporter-output>
        </test-method> <!-- homepage -->
        <test-method status="PASS" signature="Login()[pri:0, instance:testCase.basicflow2@5e3a8624]" name="Login" duration-ms="1586" started-at="2018-02-22T19:27:06Z" depends-on-methods="testCase.basicflow2.homepage" finished-at="2018-02-22T19:27:07Z">
          <reporter-output>
          </reporter-output>
        </test-method> <!-- Login -->
        <test-method status="PASS" signature="clickcase()[pri:0, instance:testCase.basicflow2@5e3a8624]" name="clickcase" duration-ms="852" started-at="2018-02-22T19:27:07Z" depends-on-methods="testCase.basicflow2.Login" finished-at="2018-02-22T19:27:08Z">
          <reporter-output>
          </reporter-output>
        </test-method> <!-- clickcase -->
        <test-method status="PASS" signature="entry()[pri:0, instance:testCase.basicflow2@5e3a8624]" name="entry" duration-ms="5399" started-at="2018-02-22T19:27:08Z" depends-on-methods="testCase.basicflow2.clickcase" finished-at="2018-02-22T19:27:13Z">
          <reporter-output>
          </reporter-output>
        </test-method> <!-- entry -->
        <test-method status="PASS" signature="selectcheck1()[pri:0, instance:testCase.basicflow2@5e3a8624]" name="selectcheck1" duration-ms="2145" started-at="2018-02-22T19:27:13Z" depends-on-methods="testCase.basicflow2.entry" finished-at="2018-02-22T19:27:16Z">
          <reporter-output>
          </reporter-output>
        </test-method> <!-- selectcheck1 -->
        <test-method status="PASS" signature="teardown()[pri:0, instance:testCase.basicflow2@5e3a8624]" name="teardown" is-config="true" duration-ms="10" started-at="2018-02-22T19:27:16Z" finished-at="2018-02-22T19:27:16Z">
          <reporter-output>
          </reporter-output>
        </test-method> <!-- teardown -->
      </class> <!-- testCase.basicflow2 -->
    </test> <!-- Default test -->
  </suite> <!-- Default suite -->
</testng-results>
